#
# There is insufficient memory for the Java Runtime Environment to continue.
# Native memory allocation (mmap) failed to map 134217728 bytes for Failed to commit area from 0x0000000081c00000 to 0x0000000089c00000 of length 134217728.
# Possible reasons:
#   The system is out of physical RAM or swap space
#   The process is running with CompressedOops enabled, and the Java Heap may be blocking the growth of the native heap
# Possible solutions:
#   Reduce memory load on the system
#   Increase physical memory or swap space
#   Check if swap backing store is full
#   Decrease Java heap size (-Xmx/-Xms)
#   Decrease number of Java threads
#   Decrease Java thread stack sizes (-Xss)
#   Set larger code cache with -XX:ReservedCodeCacheSize=
# This output file may be truncated or incomplete.
#
#  Out of Memory Error (./src/hotspot/os/windows/os_windows.cpp:3619), pid=20556, tid=14648
#
# JRE version:  (11.0.13) (build )
# Java VM: OpenJDK 64-Bit Server VM (11.0.13+0-b1751.21-8125866, mixed mode, sharing, tiered, compressed oops, g1 gc, windows-amd64)
# No core dump will be written. Minidumps are not enabled by default on client versions of Windows
#

---------------  S U M M A R Y ------------

Command Line: git4idea.http.GitAskPassApp Username for 'https://github.com': 

Host: Intel(R) Core(TM) i5-8250U CPU @ 1.60GHz, 8 cores, 7G,  Windows 10 , 64 bit Build 19041 (10.0.19041.2364)
Time: Sun Feb 12 23:34:38 2023 Беларусь (зима) elapsed time: 0.019619 seconds (0d 0h 0m 0s)

---------------  T H R E A D  ---------------

Current thread (0x00000230ab5ae000):  JavaThread "Unknown thread" [_thread_in_vm, id=14648, stack(0x0000007279200000,0x0000007279300000)]

Stack: [0x0000007279200000,0x0000007279300000]
Native frames: (J=compiled Java code, j=interpreted, Vv=VM code, C=native code)
V  [jvm.dll+0x6100fa]
V  [jvm.dll+0x747090]
V  [jvm.dll+0x7486ad]
V  [jvm.dll+0x748d83]
V  [jvm.dll+0x24ab48]
V  [jvm.dll+0x60d164]
V  [jvm.dll+0x601e75]
V  [jvm.dll+0x308bdb]
V  [jvm.dll+0x308b4a]
V  [jvm.dll+0x308a22]
V  [jvm.dll+0x30d986]
V  [jvm.dll+0x357093]
V  [jvm.dll+0x357796]
V  [jvm.dll+0x357193]
V  [jvm.dll+0x2e3448]
V  [jvm.dll+0x2e45f7]
V  [jvm.dll+0x7242e7]
V  [jvm.dll+0x725adc]
V  [jvm.dll+0x364629]
V  [jvm.dll+0x707cee]
V  [jvm.dll+0x3d2633]
V  [jvm.dll+0x3d4a21]
C  [jli.dll+0x536b]
C  [ucrtbase.dll+0x21bb2]
C  [KERNEL32.DLL+0x17614]
C  [ntdll.dll+0x526a1]


---------------  P R O C E S S  ---------------

Threads class SMR info:
_java_thread_list=0x00000230a936f3b0, length=0, elements={
}

Java Threads: ( => current thread )

Other Threads:
  0x00000230a944e000 GCTaskThread "GC Thread#0" [stack: 0x0000007279300000,0x0000007279400000] [id=13040]
  0x00000230ab5f2800 ConcurrentGCThread "G1 Main Marker" [stack: 0x0000007279400000,0x0000007279500000] [id=19644]
  0x00000230ab5f6000 ConcurrentGCThread "G1 Conc#0" [stack: 0x0000007279500000,0x0000007279600000] [id=2228]

[error occurred during error reporting (printing all threads), id 0xc0000005, EXCEPTION_ACCESS_VIOLATION (0xc0000005) at pc=0x00007ffb3cde3dd7]

VM state:not at safepoint (not fully initialized)

VM Mutex/Monitor currently owned by a thread:  ([mutex/lock_event])
[0x00000230ab5aa950] Heap_lock - owner thread: 0x00000230ab5ae000

Heap address: 0x0000000081c00000, size: 2020 MB, Compressed Oops mode: Non-zero based: 0x0000000081c00000
Narrow klass base: 0x0000000000000000, Narrow klass shift: 0

GC Heap History (0 events):
No events

Deoptimization events (0 events):
No events

Classes redefined (0 events):
No events

Internal exceptions (0 events):
No events

Events (1 events):
Event: 0.011 Loaded shared library D:\AndroidStudio\jre\bin\zip.dll


Dynamic libraries:
0x00007ff7ecd30000 - 0x00007ff7ecd3a000 	D:\AndroidStudio\jre\bin\java.exe
0x00007ffbbac50000 - 0x00007ffbbae48000 	C:\Windows\SYSTEM32\ntdll.dll
0x00007ffbb8c90000 - 0x00007ffbb8d4f000 	C:\Windows\System32\KERNEL32.DLL
0x00007ffbb8600000 - 0x00007ffbb88d2000 	C:\Windows\System32\KERNELBASE.dll
0x00007ffbb89c0000 - 0x00007ffbb8ac0000 	C:\Windows\System32\ucrtbase.dll
0x00007ffba5570000 - 0x00007ffba5589000 	D:\AndroidStudio\jre\bin\jli.dll
0x00007ffba3190000 - 0x00007ffba31a7000 	D:\AndroidStudio\jre\bin\VCRUNTIME140.dll
0x00007ffbb9ad0000 - 0x00007ffbb9c71000 	C:\Windows\System32\USER32.dll
0x00007ffbb88e0000 - 0x00007ffbb8902000 	C:\Windows\System32\win32u.dll
0x00007ffbb8e90000 - 0x00007ffbb8ebb000 	C:\Windows\System32\GDI32.dll
0x00007ffbb83d0000 - 0x00007ffbb84df000 	C:\Windows\System32\gdi32full.dll
0x00007ffbb8530000 - 0x00007ffbb85cd000 	C:\Windows\System32\msvcp_win.dll
0x00007ffbace20000 - 0x00007ffbad0ba000 	C:\Windows\WinSxS\amd64_microsoft.windows.common-controls_6595b64144ccf1df_6.0.19041.1110_none_60b5254171f9507e\COMCTL32.dll
0x00007ffbb9920000 - 0x00007ffbb99be000 	C:\Windows\System32\msvcrt.dll
0x00007ffbba450000 - 0x00007ffbba482000 	C:\Windows\System32\IMM32.DLL
0x00007ffb83f10000 - 0x00007ffb83fad000 	D:\AndroidStudio\jre\bin\msvcp140.dll
0x00007ffb3caf0000 - 0x00007ffb3d5f2000 	D:\AndroidStudio\jre\bin\server\jvm.dll
0x00007ffbb9a20000 - 0x00007ffbb9ace000 	C:\Windows\System32\ADVAPI32.dll
0x00007ffbb9120000 - 0x00007ffbb91bc000 	C:\Windows\System32\sechost.dll
0x00007ffbba510000 - 0x00007ffbba635000 	C:\Windows\System32\RPCRT4.dll
0x00007ffbba7c0000 - 0x00007ffbba7c8000 	C:\Windows\System32\PSAPI.DLL
0x00007ffba45c0000 - 0x00007ffba45e7000 	C:\Windows\SYSTEM32\WINMM.dll
0x00007ffbaf1f0000 - 0x00007ffbaf1fa000 	C:\Windows\SYSTEM32\VERSION.dll
0x00007ffb950e0000 - 0x00007ffb950e9000 	C:\Windows\SYSTEM32\WSOCK32.dll
0x00007ffbba3e0000 - 0x00007ffbba44b000 	C:\Windows\System32\WS2_32.dll
0x00007ffbb6b80000 - 0x00007ffbb6b92000 	C:\Windows\SYSTEM32\kernel.appcore.dll
0x00007ffb708f0000 - 0x00007ffb70901000 	D:\AndroidStudio\jre\bin\verify.dll
0x00007ffbb5ff0000 - 0x00007ffbb61d4000 	C:\Windows\SYSTEM32\DBGHELP.DLL
0x00007ffb9f170000 - 0x00007ffb9f1a5000 	C:\Windows\SYSTEM32\dbgcore.DLL
0x00007ffbb8340000 - 0x00007ffbb83c2000 	C:\Windows\System32\bcryptPrimitives.dll
0x00007ffb708c0000 - 0x00007ffb708e9000 	D:\AndroidStudio\jre\bin\java.dll
0x00007ffb94540000 - 0x00007ffb9454b000 	D:\AndroidStudio\jre\bin\jimage.dll
0x00007ffb5ea40000 - 0x00007ffb5ea58000 	D:\AndroidStudio\jre\bin\zip.dll

dbghelp: loaded successfully - version: 4.0.5 - missing functions: none
symbol engine: initialized successfully - sym options: 0x614 - pdb path: .;D:\AndroidStudio\jre\bin;C:\Windows\SYSTEM32;C:\Windows\WinSxS\amd64_microsoft.windows.common-controls_6595b64144ccf1df_6.0.19041.1110_none_60b5254171f9507e;D:\AndroidStudio\jre\bin\server

VM Arguments:
java_command: git4idea.http.GitAskPassApp Username for 'https://github.com': 
java_class_path (initial): D:/AndroidStudio/plugins/git4idea/lib/git4idea-rt.jar;D:/AndroidStudio/lib/3rd-party.jar;D:/AndroidStudio/lib/3rd-party-rt.jar
Launcher Type: SUN_STANDARD

[Global flags]
     intx CICompilerCount                          = 4                                         {product} {ergonomic}
     uint ConcGCThreads                            = 2                                         {product} {ergonomic}
     uint G1ConcRefinementThreads                  = 8                                         {product} {ergonomic}
   size_t G1HeapRegionSize                         = 1048576                                   {product} {ergonomic}
    uintx GCDrainStackTargetSize                   = 64                                        {product} {ergonomic}
   size_t InitialHeapSize                          = 134217728                                 {product} {ergonomic}
   size_t MarkStackSize                            = 4194304                                   {product} {ergonomic}
   size_t MaxHeapSize                              = 2118123520                                {product} {ergonomic}
   size_t MinHeapDeltaBytes                        = 1048576                                   {product} {ergonomic}
    uintx NonNMethodCodeHeapSize                   = 5836300                                {pd product} {ergonomic}
    uintx NonProfiledCodeHeapSize                  = 122910970                              {pd product} {ergonomic}
    uintx ProfiledCodeHeapSize                     = 122910970                              {pd product} {ergonomic}
    uintx ReservedCodeCacheSize                    = 251658240                              {pd product} {ergonomic}
     bool SegmentedCodeCache                       = true                                      {product} {ergonomic}
     bool UseCompressedClassPointers               = true                                 {lp64_product} {ergonomic}
     bool UseCompressedOops                        = true                                 {lp64_product} {ergonomic}
     bool UseG1GC                                  = true                                      {product} {ergonomic}
     bool UseLargePagesIndividualAllocation        = false                                  {pd product} {ergonomic}

Logging:
Log output configuration:
 #0: stdout all=warning uptime,level,tags
 #1: stderr all=off uptime,level,tags

Environment Variables:
PATH=D:\Git\mingw64\libexec\git-core;D:\Git\mingw64\libexec\git-core;D:\Git\mingw64\bin;D:\Git\usr\bin;C:\Users\Светочка\bin;C:\Program Files\Common Files\Oracle\Java\javapath;C:\Windows\system32;C:\Windows;C:\Windows\System32\Wbem;C:\Windows\System32\WindowsPowerShell\v1.0;C:\Windows\System32\OpenSSH;D:\Git\cmd;C:\Program Files (x86)\NVIDIA Corporation\PhysX\Common;C:\Users\Светочка\AppData\Local\Microsoft\WindowsApps
USERNAME=Светочка
DISPLAY=:0.0
LC_ALL=en_US.UTF-8
OS=Windows_NT
PROCESSOR_IDENTIFIER=Intel64 Family 6 Model 142 Stepping 10, GenuineIntel



---------------  S Y S T E M  ---------------

OS: Windows 10 , 64 bit Build 19041 (10.0.19041.2364)
OS uptime: 2 days 8:24 hours

CPU:total 8 (initial active 8) (4 cores per cpu, 2 threads per core) family 6 model 142 stepping 10 microcode 0xb4, cmov, cx8, fxsr, mmx, sse, sse2, sse3, ssse3, sse4.1, sse4.2, popcnt, avx, avx2, aes, clmul, erms, 3dnowpref, lzcnt, ht, tsc, tscinvbit, bmi1, bmi2, adx, fma

Memory: 4k page, system-wide physical 8076M (276M free)
TotalPageFile size 21285M (AvailPageFile size 115M)
current process WorkingSet (physical memory assigned to process): 10M, peak: 10M
current process commit charge ("private bytes"): 60M, peak: 187M

vm_info: OpenJDK 64-Bit Server VM (11.0.13+0-b1751.21-8125866) for windows-amd64 JRE (11.0.13+0-b1751.21-8125866), built on Feb  2 2022 03:00:22 by "builder" with MS VC++ 14.0 (VS2015)

END.
